Unity Editor version:    2020.3.26f1 (7298b473bc1a)
Branch:                  2020.3/staging
Build type:              Release
Batch mode:              YES
macOS version:           Version 12.2.1 (Build 21D62)
Darwin version:          21.3.0
Architecture:            x86_64
Running under Rosetta:   YES
Available memory:        8192 MB
Using pre-set license
Pro License: NO

COMMAND LINE ARGUMENTS:
/Applications/Unity/Hub/Editor/2020.3.26f1/Unity.app/Contents/MacOS/Unity
-adb2
-batchMode
-noUpm
-name
AssetImportWorker0
-projectPath
/Users/alokkunwar/Documents/ASE Project Tracker/Escape_Final
-logFile
Logs/AssetImportWorker0.log
-srvPort
63490
Successfully changed project path to: /Users/alokkunwar/Documents/ASE Project Tracker/Escape_Final
/Users/alokkunwar/Documents/ASE Project Tracker/Escape_Final
Using Asset Import Pipeline V2.
Refreshing native plugins compatible for Editor in 48.68 ms, found 3 plugins.
Plugins: Couldn't open /Users/alokkunwar/Documents/ASE Project Tracker/Escape_Final/Library/PackageCache/com.unity.xr.oculus@1.11.2/Runtime/AudioPluginOculusSpatializer.bundle/Contents/MacOS/AudioPluginOculusSpatializer, error: dlopen(/Users/alokkunwar/Documents/ASE Project Tracker/Escape_Final/Library/PackageCache/com.unity.xr.oculus@1.11.2/Runtime/AudioPluginOculusSpatializer.bundle/Contents/MacOS/AudioPluginOculusSpatializer, 0x0002): tried: '/Users/alokkunwar/Documents/ASE Project Tracker/Escape_Final/Library/PackageCache/com.unity.xr.oculus@1.11.2/Runtime/AudioPluginOculusSpatializer.bundle/Contents/MacOS/AudioPluginOculusSpatializer' (code signature in <D7C2E059-C92A-3E2E-8BD1-52E94279CD79> '/Users/alokkunwar/Documents/ASE Project Tracker/Escape_Final/Library/PackageCache/com.unity.xr.oculus@1.11.2/Runtime/AudioPluginOculusSpatializer.bundle/Contents/MacOS/AudioPluginOculusSpatializer' not valid for use in process: library load disallowed by system policy), '/usr/local/lib/AudioPluginOculusSpatializer' (no such file), '/usr/lib/AudioPluginOculusSpatializer' (no such file)
Preloading 1 native plugins for Editor in 5486.98 ms.
Initialize engine version: 2020.3.26f1 (7298b473bc1a)
[Subsystems] Discovering subsystems at path /Applications/Unity/Hub/Editor/2020.3.26f1/Unity.app/Contents/Resources/UnitySubsystems
[Subsystems] Discovering subsystems at path /Users/alokkunwar/Documents/ASE Project Tracker/Escape_Final/Assets
GfxDevice: creating device client; threaded=0
2022-04-03 12:32:14.138 Unity[57708:3818480] (null) preferred device: Apple M1 (high power)
2022-04-03 12:32:14.138 Unity[57708:3818480] Metal devices available: 1
2022-04-03 12:32:14.138 Unity[57708:3818480] 0: Apple M1 (high power)
2022-04-03 12:32:14.139 Unity[57708:3818480] Using device Apple M1 (high power)
Initializing Metal device caps: Apple M1
Initialize mono
Mono path[0] = '/Applications/Unity/Hub/Editor/2020.3.26f1/Unity.app/Contents/Managed'
Mono path[1] = '/Applications/Unity/Hub/Editor/2020.3.26f1/Unity.app/Contents/MonoBleedingEdge/lib/mono/unityjit'
Mono config path = '/Applications/Unity/Hub/Editor/2020.3.26f1/Unity.app/Contents/MonoBleedingEdge/etc'
Using monoOptions --debugger-agent=transport=dt_socket,embedding=1,server=y,suspend=n,address=127.0.0.1:56708
Begin MonoManager ReloadAssembly
Registering precompiled unity dll's ...
Register platform support module: /Applications/Unity/Hub/Editor/2020.3.26f1/PlaybackEngines/WebGLSupport/UnityEditor.WebGL.Extensions.dll
Register platform support module: /Applications/Unity/Hub/Editor/2020.3.26f1/Unity.app/Contents/PlaybackEngines/MacStandaloneSupport/UnityEditor.OSXStandalone.Extensions.dll
Registered in 0.001324 seconds.
Native extension for OSXStandalone target not found
Native extension for WebGL target not found
Refreshing native plugins compatible for Editor in 40.90 ms, found 3 plugins.
Plugins: Couldn't open /Users/alokkunwar/Documents/ASE Project Tracker/Escape_Final/Library/PackageCache/com.unity.xr.oculus@1.11.2/Runtime/AudioPluginOculusSpatializer.bundle/Contents/MacOS/AudioPluginOculusSpatializer, error: dlopen(/Users/alokkunwar/Documents/ASE Project Tracker/Escape_Final/Library/PackageCache/com.unity.xr.oculus@1.11.2/Runtime/AudioPluginOculusSpatializer.bundle/Contents/MacOS/AudioPluginOculusSpatializer, 0x0002): tried: '/Users/alokkunwar/Documents/ASE Project Tracker/Escape_Final/Library/PackageCache/com.unity.xr.oculus@1.11.2/Runtime/AudioPluginOculusSpatializer.bundle/Contents/MacOS/AudioPluginOculusSpatializer' (code signature in <D7C2E059-C92A-3E2E-8BD1-52E94279CD79> '/Users/alokkunwar/Documents/ASE Project Tracker/Escape_Final/Library/PackageCache/com.unity.xr.oculus@1.11.2/Runtime/AudioPluginOculusSpatializer.bundle/Contents/MacOS/AudioPluginOculusSpatializer' not valid for use in process: library load disallowed by system policy), '/usr/local/lib/AudioPluginOculusSpatializer' (no such file), '/usr/lib/AudioPluginOculusSpatializer' (no such file)
Preloading 1 native plugins for Editor in 5452.94 ms.
Mono: successfully reloaded assembly
- Completed reload, in  6.751 seconds
Domain Reload Profiling:
	ReloadAssembly (6751ms)
		BeginReloadAssembly (126ms)
			ExecutionOrderSort (0ms)
			DisableScriptedObjects (0ms)
			BackupInstance (0ms)
			ReleaseScriptingObjects (0ms)
			CreateAndSetChildDomain (3ms)
		EndReloadAssembly (6511ms)
			LoadAssemblies (123ms)
			RebuildTransferFunctionScriptingTraits (0ms)
			SetupTypeCache (177ms)
			ReleaseScriptCaches (0ms)
			RebuildScriptCaches (40ms)
			SetupLoadedEditorAssemblies (6021ms)
				LogAssemblyErrors (0ms)
				InitializePlatformSupportModulesInManaged (12ms)
				SetLoadedEditorAssemblies (0ms)
				RefreshPlugins (5494ms)
				BeforeProcessingInitializeOnLoad (117ms)
				ProcessInitializeOnLoadAttributes (294ms)
				ProcessInitializeOnLoadMethodAttributes (103ms)
				AfterProcessingInitializeOnLoad (0ms)
				EditorAssembliesLoaded (1ms)
			ExecutionOrderSort2 (0ms)
			AwakeInstancesAfterBackupRestoration (0ms)
Platform modules already initialized, skipping
Registering precompiled user dll's ...
Registered in 0.003198 seconds.
Begin MonoManager ReloadAssembly
Native extension for OSXStandalone target not found
Native extension for WebGL target not found
Refreshing native plugins compatible for Editor in 41.68 ms, found 3 plugins.
Plugins: Couldn't open /Users/alokkunwar/Documents/ASE Project Tracker/Escape_Final/Library/PackageCache/com.unity.xr.oculus@1.11.2/Runtime/AudioPluginOculusSpatializer.bundle/Contents/MacOS/AudioPluginOculusSpatializer, error: dlopen(/Users/alokkunwar/Documents/ASE Project Tracker/Escape_Final/Library/PackageCache/com.unity.xr.oculus@1.11.2/Runtime/AudioPluginOculusSpatializer.bundle/Contents/MacOS/AudioPluginOculusSpatializer, 0x0002): tried: '/Users/alokkunwar/Documents/ASE Project Tracker/Escape_Final/Library/PackageCache/com.unity.xr.oculus@1.11.2/Runtime/AudioPluginOculusSpatializer.bundle/Contents/MacOS/AudioPluginOculusSpatializer' (code signature in <D7C2E059-C92A-3E2E-8BD1-52E94279CD79> '/Users/alokkunwar/Documents/ASE Project Tracker/Escape_Final/Library/PackageCache/com.unity.xr.oculus@1.11.2/Runtime/AudioPluginOculusSpatializer.bundle/Contents/MacOS/AudioPluginOculusSpatializer' not valid for use in process: library load disallowed by system policy), '/usr/local/lib/AudioPluginOculusSpatializer' (no such file), '/usr/lib/AudioPluginOculusSpatializer' (no such file)
Preloading 1 native plugins for Editor in 3871.81 ms.
Mono: successfully reloaded assembly
- Completed reload, in  6.253 seconds
Domain Reload Profiling:
	ReloadAssembly (6255ms)
		BeginReloadAssembly (243ms)
			ExecutionOrderSort (0ms)
			DisableScriptedObjects (30ms)
			BackupInstance (0ms)
			ReleaseScriptingObjects (0ms)
			CreateAndSetChildDomain (31ms)
		EndReloadAssembly (5921ms)
			LoadAssemblies (187ms)
			RebuildTransferFunctionScriptingTraits (0ms)
			SetupTypeCache (338ms)
			ReleaseScriptCaches (0ms)
			RebuildScriptCaches (55ms)
			SetupLoadedEditorAssemblies (5014ms)
				LogAssemblyErrors (0ms)
				InitializePlatformSupportModulesInManaged (11ms)
				SetLoadedEditorAssemblies (1ms)
				RefreshPlugins (3914ms)
				BeforeProcessingInitializeOnLoad (208ms)
				ProcessInitializeOnLoadAttributes (839ms)
				ProcessInitializeOnLoadMethodAttributes (41ms)
				AfterProcessingInitializeOnLoad (1ms)
				EditorAssembliesLoaded (0ms)
			ExecutionOrderSort2 (0ms)
			AwakeInstancesAfterBackupRestoration (34ms)
Platform modules already initialized, skipping
Validating Project structure ... 0.001078 seconds.
Shader import version has changed; will reimport all shaders...
Upgrading shader files ...0.015381 seconds.
Application.AssetDatabase Initial Script Refresh Start
RefreshInfo: InitialScriptRefreshV2(NoUpdateAssetOptions) scanfilter:  ... 1 filters
RefreshProfiler: Total: 0.000ms
Application.AssetDatabase Initial Script Refresh End
Application.AssetDatabase.Refresh Start
Application.AssetDatabase.Refresh End
RefreshInfo: StopAssetImportingV2(ForceSynchronousImport) scanfilter: 
RefreshProfiler: Total: 0.000ms
Launching external process: /Applications/Unity/Hub/Editor/2020.3.26f1/Unity.app/Contents/Tools/UnityShaderCompiler
Launched and connected shader compiler UnityShaderCompiler after 0.24 seconds
Initializing Unity extensions:
2022-04-03 12:32:28.626 Unity[57708:3818480] NSEventModifierFlagFunction specified to -setKeyEquivalentModifierMask: for item <NSMenuItem: 0x600001cd9ab0 Font Asset, ke='Command-F12'>, but is only supported for system-provided menu items; will not be used
2022-04-03 12:32:28.629 Unity[57708:3818480] NSEventModifierFlagFunction specified to -setKeyEquivalentModifierMask: for item <NSMenuItem: 0x600001cac310 Font Asset, ke='Command-F12'>, but is only supported for system-provided menu items; will not be used
========================================================================
Worker process is ready to serve import requests
Refreshing native plugins compatible for Editor in 0.45 ms, found 3 plugins.
Plugins: Couldn't open /Users/alokkunwar/Documents/ASE Project Tracker/Escape_Final/Library/PackageCache/com.unity.xr.oculus@1.11.2/Runtime/AudioPluginOculusSpatializer.bundle/Contents/MacOS/AudioPluginOculusSpatializer, error: dlopen(/Users/alokkunwar/Documents/ASE Project Tracker/Escape_Final/Library/PackageCache/com.unity.xr.oculus@1.11.2/Runtime/AudioPluginOculusSpatializer.bundle/Contents/MacOS/AudioPluginOculusSpatializer, 0x0002): tried: '/Users/alokkunwar/Documents/ASE Project Tracker/Escape_Final/Library/PackageCache/com.unity.xr.oculus@1.11.2/Runtime/AudioPluginOculusSpatializer.bundle/Contents/MacOS/AudioPluginOculusSpatializer' (code signature in <D7C2E059-C92A-3E2E-8BD1-52E94279CD79> '/Users/alokkunwar/Documents/ASE Project Tracker/Escape_Final/Library/PackageCache/com.unity.xr.oculus@1.11.2/Runtime/AudioPluginOculusSpatializer.bundle/Contents/MacOS/AudioPluginOculusSpatializer' not valid for use in process: library load disallowed by system policy), '/usr/local/lib/AudioPluginOculusSpatializer' (no such file), '/usr/lib/AudioPluginOculusSpatializer' (no such file)
Preloading 1 native plugins for Editor in 2225.58 ms.
Unloading 2264 Unused Serialized files (Serialized files now loaded: 0)
System memory in use before: 192.3 MB.
System memory in use after: 191.6 MB.

Unloading 140 unused Assets to reduce memory usage. Loaded Objects now: 2743.
Total: 5.690792 ms (FindLiveObjects: 0.349250 ms CreateObjectMapping: 0.098750 ms MarkObjects: 4.352334 ms  DeleteObjects: 0.888709 ms)

AssetImportParameters requested are different than current active one (requested -> active):
  custom:video-decoder-ogg-theora: a1e56fd34408186e4bbccfd4996cb3dc -> 
  custom:container-muxer-webm: aa71ff27fc2769a1b78a27578f13a17b -> 
  custom:container-demuxer-webm: 4f35f7cbe854078d1ac9338744f61a02 -> 
  custom:container-demuxer-ogg: 62fdf1f143b41e24485cea50d1cbac27 -> 
  custom:video-encoder-webm-vp8: eb34c28f22e8b96e1ab97ce403110664 -> 
  custom:framework-osx-AVFoundation: e770b220cccbd017edd2c1fefb359320 -> 
  custom:video-decoder-webm-vp8: 9c59270c3fd7afecdb556c50c9e8de78 -> 
  custom:audio-decoder-ogg-vorbis: bf7c407c2cedff20999df2af8eb42d56 -> 
  custom:audio-encoder-webm-vorbis: bf7c407c2cedff20999df2af8eb42d56 -> 
========================================================================
Received Import Request.
  path: Assets/Script/SettingsMenu.cs
  artifactKey: Guid(18d0996977793934d8c05fe153275a29) Importer(815301076,1909f56bfc062723c751e8b465ee728b)
Start importing Assets/Script/SettingsMenu.cs using Guid(18d0996977793934d8c05fe153275a29) Importer(815301076,1909f56bfc062723c751e8b465ee728b)  -> (artifact id: '3e1ca20bdeb507d10e19834ddbb3c5c5') in 0.264686 seconds 
  Import took 0.272278 seconds .

========================================================================
Received Import Request.
  Time since last request: 0.001472 seconds.
  path: Assets/Script/Win.cs
  artifactKey: Guid(5984b7f1c7bbe2144937628d56d576e4) Importer(815301076,1909f56bfc062723c751e8b465ee728b)
Start importing Assets/Script/Win.cs using Guid(5984b7f1c7bbe2144937628d56d576e4) Importer(815301076,1909f56bfc062723c751e8b465ee728b)  -> (artifact id: '564415fc90db668ffef4395cf746b0c5') in 0.001278 seconds 
  Import took 0.003593 seconds .

